<?xml version="1.0" encoding="UTF-8"?>
<testng-results ignored="2" total="3" passed="1" failed="0" skipped="0">
  <reporter-output>
  </reporter-output>
  <suite started-at="2021-09-22T13:48:03 IST" name="Default suite" finished-at="2021-09-22T13:48:03 IST" duration-ms="65">
    <groups>
    </groups>
    <test started-at="2021-09-22T13:48:03 IST" name="Default test" finished-at="2021-09-22T13:48:03 IST" duration-ms="65">
      <class name="com.comcast.Contact.contactTest">
        <test-method signature="createContactTest()[pri:0, instance:com.comcast.Contact.contactTest@7133da86]" started-at="2021-09-22T13:48:03 IST" name="createContactTest" finished-at="2021-09-22T13:48:03 IST" duration-ms="15" status="PASS">
          <reporter-output>
          </reporter-output>
        </test-method> <!-- createContactTest -->
      </class> <!-- com.comcast.Contact.contactTest -->
    </test> <!-- Default test -->
  </suite> <!-- Default suite -->
</testng-results>
