<?xml version="1.0" encoding="UTF-8"?>
<!-- Generated by org.testng.reporters.JUnitXMLReporter -->
<testsuite ignored="2" hostname="DESKTOP-PLBA2VU" failures="0" tests="1" name="Default test" time="0.065" errors="0" timestamp="2021-09-22T13:48:03 IST">
  <testcase classname="com.comcast.Contact.contactTest" name="createContactTest" time="0.015"/>
  <testcase classname="com.comcast.Contact.contactTest" name="createContactWithOrgTest" time="0.0">
    <ignored/>
  </testcase> <!-- createContactWithOrgTest -->
  <testcase classname="com.comcast.Contact.contactTest" name="delectContactTest" time="0.0">
    <ignored/>
  </testcase> <!-- delectContactTest -->
</testsuite> <!-- Default test -->
