<?xml version="1.0" encoding="UTF-8"?>
<!-- Generated by org.testng.reporters.JUnitXMLReporter -->
<testsuite ignored="0" hostname="DESKTOP-PLBA2VU" failures="0" tests="3" name="Default test" time="0.077" errors="0" timestamp="2021-09-23T13:11:44 IST">
  <testcase classname="com.comcast.organization.oragTest" name="createOrgWithleadTest" time="0.009"/>
  <testcase classname="com.comcast.organization.oragTest" name="createOrganizationTest" time="0.002"/>
  <testcase classname="com.comcast.organization.oragTest" name="delectorgTest" time="0.003"/>
</testsuite> <!-- Default test -->
